c:\users\ginge\google drive\visualstudioprojects\big-beginner-engine\big-beginner-engine\debug\vc141.pdb
c:\users\ginge\google drive\visualstudioprojects\big-beginner-engine\big-beginner-engine\debug\vc141.idb
c:\users\ginge\google drive\visualstudioprojects\big-beginner-engine\big-beginner-engine\debug\main.obj
c:\users\ginge\google drive\visualstudioprojects\big-beginner-engine\big-beginner-engine\debug\vc142.pdb
c:\users\ginge\google drive\visualstudioprojects\big-beginner-engine\big-beginner-engine\debug\vc142.idb
c:\users\ginge\onedrive\vsprojects\c++\big_beginning_engine\big-beginner-engine\debug\vc142.pdb
c:\users\ginge\onedrive\vsprojects\c++\big_beginning_engine\big-beginner-engine\debug\vc142.idb
c:\users\ginge\onedrive\vsprojects\c++\big_beginning_engine\big-beginner-engine\debug\main.obj
c:\users\ginge\google drive\visualstudioprojects\big-beginner-engine\big-beginner-engine\debug\big-beginner-engine.exe
c:\users\ginge\google drive\visualstudioprojects\big-beginner-engine\big-beginner-engine\debug\big-beginner-engine.ilk
c:\users\ginge\google drive\visualstudioprojects\big-beginner-engine\big-beginner-engine\debug\big-beginner-engine.pdb
c:\users\ginge\onedrive\vsprojects\c++\big_beginning_engine\big-beginner-engine\debug\big-beginner-engine.ilk
c:\users\ginge\onedrive\vsprojects\c++\big_beginning_engine\big-beginner-engine\debug\big-beginner-engine.exe
c:\users\ginge\onedrive\vsprojects\c++\big_beginning_engine\big-beginner-engine\debug\big-beginner-engine.pdb
c:\users\ginge\onedrive\vsprojects\c++\big_beginning_engine\big-beginner-engine\debug\vc141.idb
c:\users\ginge\onedrive\vsprojects\c++\big_beginning_engine\big-beginner-engine\debug\vc141.pdb
c:\users\ginge\onedrive\vsprojects\c++\big_beginning_engine\big-beginner-engine\debug\big-begi.55761363.tlog\cl.command.1.tlog
c:\users\ginge\onedrive\vsprojects\c++\big_beginning_engine\big-beginner-engine\debug\big-begi.55761363.tlog\cl.read.1.tlog
c:\users\ginge\onedrive\vsprojects\c++\big_beginning_engine\big-beginner-engine\debug\big-begi.55761363.tlog\cl.write.1.tlog
c:\users\ginge\onedrive\vsprojects\c++\big_beginning_engine\big-beginner-engine\debug\big-begi.55761363.tlog\link.command.1.tlog
c:\users\ginge\onedrive\vsprojects\c++\big_beginning_engine\big-beginner-engine\debug\big-begi.55761363.tlog\link.read.1.tlog
c:\users\ginge\onedrive\vsprojects\c++\big_beginning_engine\big-beginner-engine\debug\big-begi.55761363.tlog\link.write.1.tlog
